<?xml version="1.0" encoding="UTF-8"?>
<robot generator="Robot 7.3.2 (Python 3.13.5 on darwin)" generated="2025-11-17T13:49:30.743732" rpa="false" schemaversion="5">
<suite id="s1" name="Tests" source="/Users/vilimahonen/webcounter/src/tests">
<suite id="s1-s1" name="Increment" source="/Users/vilimahonen/webcounter/src/tests/increment.robot">
<kw name="Open And Configure Browser" owner="resource" type="SETUP">
<if>
<branch type="IF" condition="$BROWSER == 'chrome'">
<kw name="Evaluate" owner="BuiltIn">
<msg time="2025-11-17T13:49:30.826715" level="INFO">${options} = &lt;selenium.webdriver.chrome.options.Options object at 0x1056ea270&gt;</msg>
<var>${options}</var>
<arg>sys.modules['selenium.webdriver'].ChromeOptions()</arg>
<arg>sys</arg>
<doc>Evaluates the given expression in Python and returns the result.</doc>
<status status="PASS" start="2025-11-17T13:49:30.826595" elapsed="0.000137"/>
</kw>
<kw name="Call Method" owner="BuiltIn">
<arg>${options}</arg>
<arg>add_argument</arg>
<arg>--incognito</arg>
<doc>Calls the named method of the given object with the provided arguments.</doc>
<status status="PASS" start="2025-11-17T13:49:30.826788" elapsed="0.000055"/>
</kw>
<status status="PASS" start="2025-11-17T13:49:30.826329" elapsed="0.000535"/>
</branch>
<branch type="ELSE IF" condition="$BROWSER == 'firefox'">
<kw name="Evaluate" owner="BuiltIn">
<var>${options}</var>
<arg>sys.modules['selenium.webdriver'].FirefoxOptions()</arg>
<arg>sys</arg>
<doc>Evaluates the given expression in Python and returns the result.</doc>
<status status="NOT RUN" start="2025-11-17T13:49:30.826920" elapsed="0.000010"/>
</kw>
<kw name="Call Method" owner="BuiltIn">
<arg>${options}</arg>
<arg>add_argument</arg>
<arg>--private-window</arg>
<doc>Calls the named method of the given object with the provided arguments.</doc>
<status status="NOT RUN" start="2025-11-17T13:49:30.826961" elapsed="0.000009"/>
</kw>
<status status="NOT RUN" start="2025-11-17T13:49:30.826882" elapsed="0.000102"/>
</branch>
<status status="PASS" start="2025-11-17T13:49:30.826315" elapsed="0.000682"/>
</if>
<if>
<branch type="IF" condition="$HEADLESS == 'true'">
<kw name="Set Selenium Speed" owner="SeleniumLibrary">
<arg>0.05 seconds</arg>
<doc>Sets the delay that is waited after each Selenium command.</doc>
<status status="PASS" start="2025-11-17T13:49:30.827077" elapsed="0.000078"/>
</kw>
<kw name="Call Method" owner="BuiltIn">
<arg>${options}</arg>
<arg>add_argument</arg>
<arg>--headless</arg>
<doc>Calls the named method of the given object with the provided arguments.</doc>
<status status="PASS" start="2025-11-17T13:49:30.827188" elapsed="0.000046"/>
</kw>
<status status="PASS" start="2025-11-17T13:49:30.827019" elapsed="0.000230"/>
</branch>
<branch type="ELSE">
<kw name="Set Selenium Speed" owner="SeleniumLibrary">
<arg>${DELAY}</arg>
<doc>Sets the delay that is waited after each Selenium command.</doc>
<status status="NOT RUN" start="2025-11-17T13:49:30.827291" elapsed="0.000008"/>
</kw>
<status status="NOT RUN" start="2025-11-17T13:49:30.827260" elapsed="0.000053"/>
</branch>
<status status="PASS" start="2025-11-17T13:49:30.827012" elapsed="0.000313"/>
</if>
<kw name="Open Browser" owner="SeleniumLibrary">
<msg time="2025-11-17T13:49:30.827445" level="INFO">Opening browser 'chrome' to base url 'None'.</msg>
<arg>browser=${BROWSER}</arg>
<arg>options=${options}</arg>
<doc>Opens a new browser instance to the optional ``url``.</doc>
<status status="PASS" start="2025-11-17T13:49:30.827357" elapsed="0.628464"/>
</kw>
<status status="PASS" start="2025-11-17T13:49:30.826227" elapsed="0.629836"/>
</kw>
<test id="s1-s1-t1" name="At start the counter is zero" line="7">
<kw name="Go To" owner="SeleniumLibrary">
<msg time="2025-11-17T13:49:31.456738" level="INFO">Opening url 'http://localhost:5001'</msg>
<arg>${HOME_URL}</arg>
<doc>Navigates the current browser window to the provided ``url``.</doc>
<status status="PASS" start="2025-11-17T13:49:31.456621" elapsed="0.110380"/>
</kw>
<kw name="Title Should Be" owner="SeleniumLibrary">
<msg time="2025-11-17T13:49:31.624283" level="INFO">Page title is 'Laskuri'.</msg>
<arg>Laskuri</arg>
<doc>Verifies that the current page title equals ``title``.</doc>
<status status="PASS" start="2025-11-17T13:49:31.567473" elapsed="0.056920"/>
</kw>
<kw name="Page Should Contain" owner="SeleniumLibrary">
<msg time="2025-11-17T13:49:31.741827" level="INFO">Current page contains text 'nappia painettu 0 kertaa'.</msg>
<arg>nappia painettu 0 kertaa</arg>
<doc>Verifies that current page contains ``text``.</doc>
<status status="PASS" start="2025-11-17T13:49:31.624574" elapsed="0.117392"/>
</kw>
<status status="PASS" start="2025-11-17T13:49:31.456160" elapsed="0.286108"/>
</test>
<test id="s1-s1-t2" name="When button pressed twice the counter is two" line="12">
<kw name="Go To" owner="SeleniumLibrary">
<msg time="2025-11-17T13:49:31.743053" level="INFO">Opening url 'http://localhost:5001'</msg>
<arg>${HOME_URL}</arg>
<doc>Navigates the current browser window to the provided ``url``.</doc>
<status status="PASS" start="2025-11-17T13:49:31.742889" elapsed="0.065302"/>
</kw>
<kw name="Click Button" owner="SeleniumLibrary">
<msg time="2025-11-17T13:49:31.808876" level="INFO">Clicking button 'Paina'.</msg>
<arg>Paina</arg>
<doc>Clicks the button identified by ``locator``.</doc>
<status status="PASS" start="2025-11-17T13:49:31.808469" elapsed="0.267857"/>
</kw>
<kw name="Click Button" owner="SeleniumLibrary">
<msg time="2025-11-17T13:49:32.076711" level="INFO">Clicking button 'Paina'.</msg>
<arg>Paina</arg>
<doc>Clicks the button identified by ``locator``.</doc>
<status status="PASS" start="2025-11-17T13:49:32.076550" elapsed="0.265354"/>
</kw>
<kw name="Page Should Contain" owner="SeleniumLibrary">
<msg time="2025-11-17T13:49:32.458527" level="INFO">Current page contains text 'nappia painettu 2 kertaa'.</msg>
<arg>nappia painettu 2 kertaa</arg>
<doc>Verifies that current page contains ``text``.</doc>
<status status="PASS" start="2025-11-17T13:49:32.342131" elapsed="0.116539"/>
</kw>
<status status="PASS" start="2025-11-17T13:49:31.742530" elapsed="0.716387"/>
</test>
<test id="s1-s1-t3" name="Resetting the counter works" line="18">
<kw name="Go To" owner="SeleniumLibrary">
<msg time="2025-11-17T13:49:32.459628" level="INFO">Opening url 'http://localhost:5001'</msg>
<arg>${HOME_URL}</arg>
<doc>Navigates the current browser window to the provided ``url``.</doc>
<status status="PASS" start="2025-11-17T13:49:32.459467" elapsed="0.063148"/>
</kw>
<kw name="Click Button" owner="SeleniumLibrary">
<msg time="2025-11-17T13:49:32.523155" level="INFO">Clicking button 'Nollaa'.</msg>
<arg>Nollaa</arg>
<doc>Clicks the button identified by ``locator``.</doc>
<status status="PASS" start="2025-11-17T13:49:32.522908" elapsed="0.267739"/>
</kw>
<kw name="Page Should Contain" owner="SeleniumLibrary">
<msg time="2025-11-17T13:49:32.904989" level="INFO">Current page contains text 'nappia painettu 0 kertaa'.</msg>
<arg>nappia painettu 0 kertaa</arg>
<doc>Verifies that current page contains ``text``.</doc>
<status status="PASS" start="2025-11-17T13:49:32.790887" elapsed="0.114352"/>
</kw>
<status status="PASS" start="2025-11-17T13:49:32.459148" elapsed="0.446513"/>
</test>
<kw name="Close Browser" owner="SeleniumLibrary" type="TEARDOWN">
<doc>Closes the current browser.</doc>
<status status="PASS" start="2025-11-17T13:49:32.906594" elapsed="0.142618"/>
</kw>
<status status="PASS" start="2025-11-17T13:49:30.755697" elapsed="2.293577"/>
</suite>
<status status="PASS" start="2025-11-17T13:49:30.744659" elapsed="2.305030"/>
</suite>
<statistics>
<total>
<stat pass="3" fail="0" skip="0">All Tests</stat>
</total>
<tag>
</tag>
<suite>
<stat name="Tests" id="s1" pass="3" fail="0" skip="0">Tests</stat>
<stat name="Increment" id="s1-s1" pass="3" fail="0" skip="0">Tests.Increment</stat>
</suite>
</statistics>
<errors>
</errors>
</robot>
